Build started 18/03/2015 12:17:03.
     1>Project "E:\Documents\GitHub\Group_Project\Project1\Project1\Project1.vcxproj" on node 2 (Build target(s)).
     1>ClCompile:
         E:\Visual Studio\VC\bin\CL.exe /c /AI"C:\Program Files (x86)\Reference Assemblies\Microsoft\Framework\.NETFramework\v4.5\\" /AI"C:\Program Files (x86)\Windows Kits\8.1\References\CommonConfiguration\Neutral" /AI"C:\Program Files (x86)\Reference Assemblies\Microsoft\Framework\.NETFramework\v4.5\Facades\\" /Zi /clr /nologo /W3 /WX- /Od /Oy- /D WIN32 /D _DEBUG /D _UNICODE /D UNICODE /EHa /MDd /GS /fp:precise /Zc:wchar_t /Zc:forScope /Fo"Debug\\" /Fd"Debug\vc120.pdb" /TP /FU"C:\Program Files (x86)\Reference Assemblies\Microsoft\Framework\.NETFramework\v4.5\mscorlib.dll" /FU"C:\Program Files (x86)\Reference Assemblies\Microsoft\Framework\.NETFramework\v4.5\System.Data.dll" /FU"C:\Program Files (x86)\Reference Assemblies\Microsoft\Framework\.NETFramework\v4.5\System.dll" /FU"C:\Program Files (x86)\Reference Assemblies\Microsoft\Framework\.NETFramework\v4.5\System.Drawing.dll" /FU"C:\Program Files (x86)\Reference Assemblies\Microsoft\Framework\.NETFramework\v4.5\System.Windows.Forms.dll" /FU"C:\Program Files (x86)\Reference Assemblies\Microsoft\Framework\.NETFramework\v4.5\System.Xml.dll" /analyze- /errorReport:prompt /clr:nostdlib Antivirus.cpp frmQuiz.cpp frmSource.cpp MyForm1.cpp MyForm10.cpp MyForm11.cpp MyForm12.cpp MyForm2.cpp MyForm3.cpp MyForm4.cpp MyForm5.cpp MyForm6.cpp MyForm7.cpp MyForm8.cpp MyForm9.cpp
         Antivirus.cpp
         frmQuiz.cpp
         frmSource.cpp
     1>frmSource.cpp(9): warning C4551: function call missing argument list
         MyForm1.cpp
         MyForm10.cpp
         MyForm11.cpp
         MyForm12.cpp
         MyForm2.cpp
         MyForm3.cpp
         MyForm4.cpp
         MyForm5.cpp
         MyForm6.cpp
         MyForm7.cpp
         MyForm8.cpp
         MyForm9.cpp
         Generating Code...
         E:\Visual Studio\VC\bin\CL.exe /c /Zi /clr /nologo /W3 /WX- /Od /Oy- /D WIN32 /D _DEBUG /D _UNICODE /D UNICODE /EHa /MDd /GS /fp:precise /Zc:wchar_t /Zc:forScope /Fo"Debug\\" /Fd"Debug\vc120.pdb" /TP /analyze- /errorReport:prompt "C:\Users\Ben\AppData\Local\Temp\.NETFramework,Version=v4.5.AssemblyAttributes.cpp"
         .NETFramework,Version=v4.5.AssemblyAttributes.cpp
       Link:
         E:\Visual Studio\VC\bin\link.exe /ERRORREPORT:PROMPT /OUT:"E:\Documents\GitHub\Group_Project\Project1\Debug\Project1.exe" /INCREMENTAL /NOLOGO /ASSEMBLYRESOURCE:Debug\Project1.frmQuiz.resources /ASSEMBLYRESOURCE:Debug\Project1.frmSource.resources /ASSEMBLYRESOURCE:Debug\Project1.MyForm1.resources /ASSEMBLYRESOURCE:Debug\Project1.MyForm10.resources /ASSEMBLYRESOURCE:Debug\Project1.MyForm11.resources /ASSEMBLYRESOURCE:Debug\Project1.MyForm12.resources /ASSEMBLYRESOURCE:Debug\Project1.MyForm2.resources /ASSEMBLYRESOURCE:Debug\Project1.MyForm3.resources /ASSEMBLYRESOURCE:Debug\Project1.MyForm4.resources /ASSEMBLYRESOURCE:Debug\Project1.MyForm5.resources /ASSEMBLYRESOURCE:Debug\Project1.MyForm6.resources /ASSEMBLYRESOURCE:Debug\Project1.MyForm7.resources /ASSEMBLYRESOURCE:Debug\Project1.MyForm8.resources /ASSEMBLYRESOURCE:Debug\Project1.MyForm9.resources /MANIFEST /MANIFESTUAC:"level='asInvoker' uiAccess='false'" /manifest:embed /DEBUG /PDB:"E:\Documents\GitHub\Group_Project\Project1\Debug\Project1.pdb" /ASSEMBLYDEBUG /SUBSYSTEM:WINDOWS /TLBID:1 /ENTRY:"Main" /DYNAMICBASE /FIXED:NO /NXCOMPAT /MACHINE:X86 Debug\Antivirus.obj
         Debug\frmQuiz.obj
         Debug\frmSource.obj
         Debug\MyForm1.obj
         Debug\MyForm10.obj
         Debug\MyForm11.obj
         Debug\MyForm12.obj
         Debug\MyForm2.obj
         Debug\MyForm3.obj
         Debug\MyForm4.obj
         Debug\MyForm5.obj
         Debug\MyForm6.obj
         Debug\MyForm7.obj
         Debug\MyForm8.obj
         Debug\MyForm9.obj
         "Debug\.NETFramework,Version=v4.5.AssemblyAttributes.obj"
         Project1.vcxproj -> E:\Documents\GitHub\Group_Project\Project1\Debug\Project1.exe
     1>Done Building Project "E:\Documents\GitHub\Group_Project\Project1\Project1\Project1.vcxproj" (Build target(s)).

Build succeeded.

Time Elapsed 00:00:05.75
